Added Component: Designator=U1_1()
Added Component: Designator=U1_2()
Added Component: Designator=U2_1()
Added Component: Designator=U2_2()
Added Component: Designator=U3_1()
Added Component: Designator=U3_2()
Added Net: Name=NetU1_1_YA
Added Net: Name=NetU1_1_YB
Added Net: Name=NetU1_1_YC
Added Net: Name=NetU1_1_YD
Added Net: Name=NetU1_1_YE
Added Net: Name=NetU1_1_YF
Added Net: Name=NetU1_1_YG
Added Net: Name=NetU1_1_YH
Added Net: Name=NetU1_2_YA
Added Net: Name=NetU1_2_YB
Added Net: Name=NetU1_2_YC
Added Net: Name=NetU1_2_YD
Added Net: Name=NetU1_2_YE
Added Net: Name=NetU1_2_YF
Added Net: Name=NetU1_2_YG
Added Net: Name=NetU1_2_YH
Added Net: Name=NetU2_1_YA
Added Net: Name=NetU2_1_YB
Added Net: Name=NetU2_1_YC
Added Net: Name=NetU2_1_YD
Added Net: Name=NetU2_1_YE
Added Net: Name=NetU2_1_YF
Added Net: Name=NetU2_1_YG
Added Net: Name=NetU2_1_YH
Added Net: Name=NetU2_2_YA
Added Net: Name=NetU2_2_YB
Added Net: Name=NetU2_2_YC
Added Net: Name=NetU2_2_YD
Added Net: Name=NetU2_2_YE
Added Net: Name=NetU2_2_YF
Added Net: Name=NetU2_2_YG
Added Net: Name=NetU2_2_YH
Added Net: Name=NetU3_1_YA
Added Net: Name=NetU3_1_YB
Added Net: Name=NetU3_1_YC
Added Net: Name=NetU3_1_YD
Added Net: Name=NetU3_1_YE
Added Net: Name=NetU3_1_YF
Added Net: Name=NetU3_1_YG
Added Net: Name=NetU3_1_YH
Added Net: Name=NetU3_2_YA
Added Net: Name=NetU3_2_YB
Added Net: Name=NetU3_2_YC
Added Net: Name=NetU3_2_YD
Added Net: Name=NetU3_2_YE
Added Net: Name=NetU3_2_YF
Added Net: Name=NetU3_2_YG
Added Net: Name=NetU3_2_YH
Added Member To Class: ClassName=DC_Switch Member=Component Main Connector Arduino Pins
Added Room: Name=DC_Switch
